<?xml version="1.0" encoding="UTF-8"?>
<!-- Generated by org.testng.reporters.JUnitReportReporter -->
<testsuite hostname="LAPTOP-CE7R4UV6" failures="0" tests="1" name="com.joom.automation.SystemTestCases.ShoppingCartTest" time="36.264" errors="0" timestamp="2025-03-11T18:24:46 IST" skipped="0">
  <testcase classname="com.joom.automation.SystemTestCases.ShoppingCartTest" name="addProductToCart" time="36.264"/>
</testsuite> <!-- com.joom.automation.SystemTestCases.ShoppingCartTest -->
