<?xml version="1.0" encoding="UTF-8"?>
<!-- Generated by org.testng.reporters.JUnitReportReporter -->
<testsuite hostname="DESKTOP-QL5DTGM" failures="0" tests="1" name="com.joom.automation.package1.VerifyTodaysOrder" time="26.538" errors="0" timestamp="2025-03-11T11:32:55 IST" skipped="0">
  <testcase classname="com.joom.automation.package1.VerifyTodaysOrder" name="todaysOrders" time="26.538"/>
  <system-out>
    <![CDATA[=== Connecting to Database and Configuring Reports ===
=== Launching Browser ===
=== Logging into Application ===
=== Logging out of Application ===
=== Closing DB Connection and Generating Reports ===]]>
  </system-out>
</testsuite> <!-- com.joom.automation.package1.VerifyTodaysOrder -->
