<?xml version="1.0" encoding="UTF-8"?>
<!-- Generated by org.testng.reporters.JUnitReportReporter -->
<testsuite hostname="LAPTOP-CE7R4UV6" failures="0" tests="1" name="com.joom.automation.package1.ShoppingCartt" time="0.907" errors="0" timestamp="2025-03-10T18:22:55 IST" skipped="0">
  <testcase classname="com.joom.automation.package1.ShoppingCartt" name="addProductToCart" time="0.907"/>
  <system-out>
    <![CDATA[=== Connecting to Database and Configuring Reports ===
=== Launching Browser
===enter URL
===logout===
===Close the Browser===
===close DB report backup]]>
  </system-out>
</testsuite> <!-- com.joom.automation.package1.ShoppingCartt -->
