<?xml version="1.0" encoding="UTF-8"?>
<!-- Generated by org.testng.reporters.JUnitReportReporter -->
<testsuite hostname="DESKTOP-QL5DTGM" failures="0" tests="1" name="com.joom.automation.package1.ShoppingCart" time="2.890" errors="0" timestamp="2025-03-10T17:19:03 IST" skipped="0">
  <testcase classname="com.joom.automation.package1.ShoppingCart" name="addProductToCart" time="2.890"/>
  <system-out>
    <![CDATA[=== Connecting to Database and Configuring Reports ===
=== Launching Browser ===
=== Logging into Application ===
=== Logging out of Application ===
=== Closing DB Connection and Generating Reports ===]]>
  </system-out>
</testsuite> <!-- com.joom.automation.package1.ShoppingCart -->
