<?xml version="1.0" encoding="UTF-8"?>
<!-- Generated by org.testng.reporters.JUnitReportReporter -->
<testsuite hostname="LAPTOP-CE7R4UV6" failures="0" tests="1" name="com.joom.automation.SystemTestCases.UpdatingShoppingCart" time="26.011" errors="0" timestamp="2025-03-11T23:05:28 IST" skipped="0">
  <testcase classname="com.joom.automation.SystemTestCases.UpdatingShoppingCart" name="updatingShoppingCart" time="26.011"/>
  <system-out>
    <![CDATA[=== Connecting to Database and Configuring Reports ===
=== Launching Browser
===enter URL
===logout===
===Close the Browser===
===close DB report backup]]>
  </system-out>
</testsuite> <!-- com.joom.automation.SystemTestCases.UpdatingShoppingCart -->
